Assuming unrestricted shared filesystem usage.
host: kiomars
Building DAG of jobs...
Using shell: /usr/local/fsl/bin/bash
Provided cores: 8
Rules claiming more threads will be scaled down.
Job stats:
job        count
-------  -------
samples        1
total          1

Select jobs to execute...
Execute 1 jobs...
[Tue Oct  7 16:03:02 2025]
localrule samples:
    input: /mnt/ssd1/MyFirstStudy/derivatives/spineprep/logs/discover.json
    output: /mnt/ssd1/MyFirstStudy/derivatives/spineprep/logs/samples.tsv
    jobid: 0
    reason: Missing output files: /mnt/ssd1/MyFirstStudy/derivatives/spineprep/logs/samples.tsv
    resources: tmpdir=/tmp
Shell command: None
[Tue Oct  7 16:03:04 2025]
Finished jobid: 0 (Rule: samples)
1 of 1 steps (100%) done
Complete log(s): /mnt/ssd1/SpinePrep/.snakemake/log/2025-10-07T160302.743147.snakemake.log
