ValidationError in file "/mnt/ssd1/SpinePrep/workflow/Snakefile", line 22:
'confounds' is a required property

Failed validating 'required' in schema['properties']['options']:
    {'type': 'object',
     'required': ['ingest',
                  'denoise_mppca',
                  'motion',
                  'smoothing',
                  'sdc',
                  'temporal_crop',
                  'confounds',
                  'censor',
                  'first_level',
                  'cleanup'],
     'properties': {'ingest': {'type': 'object',
                               'required': ['enable'],
                               'properties': {'enable': {'type': 'boolean'}},
                               'additionalProperties': False},
                    'denoise_mppca': {'type': 'boolean'},
                    'motion': {'type': 'object',
                               'required': ['engine',
                                            'slice_axis',
                                            'concat'],
                               'properties': {'engine': {'type': 'string',
                                                         'enum': ['sct',
                                                                  'rigid3d',
                                                                  'sct+rigid3d']},
                                              'slice_axis': {'type': 'string',
                                                             'enum': ['x',
                                                                      'y',
                                                                      'z',
                                                                      'IS',
                                                                      'SI']},
                                              'concat': {'type': 'object',
                                                         'required': ['mode',
                                                                      'require_same'],
                                                         'properties': {'mode': {'type': 'string',
                                                                                 'enum': ['none',
                                                                                          'subject',
                                                                                          'session',
                                                                                          'session+task']},
                                                                        'require_same': {'type': 'array',
                                                                                         'items': {'type': 'string',
                                                                                                   'enum': ['pe_dir',
                                                                                                            'slice_axis',
                                                                                                            'tr',
                                                                                                            'voxel_size',
                                                                                                            'echo_spacing_s']},
                                                                                         'minItems': 1}},
                                                         'additionalProperties': False}},
                               'additionalProperties': False},
                    'smoothing': {'type': 'object',
                                  'required': ['enable', 'fwhm_mm'],
                                  'properties': {'enable': {'type': 'boolean'},
                                                 'fwhm_mm': {'type': 'number',
                                                             'minimum': 0}},
                                  'additionalProperties': False},
                    'sdc': {'type': 'object',
                            'required': ['enable', 'mode'],
                            'properties': {'enable': {'type': 'boolean'},
                                           'mode': {'type': 'string',
                                                    'enum': ['auto',
                                                             'topup',
                                                             'disabled']}},
                            'additionalProperties': False},
                    'temporal_crop': {'type': 'object',
                                      'required': ['enable',
                                                   'method',
                                                   'max_trim_start',
                                                   'max_trim_end',
                                                   'z_thresh'],
                                      'properties': {'enable': {'type': 'boolean'},
                                                     'method': {'type': 'string',
                                                                'enum': ['cord_mean_robust_z']},
                                                     'max_trim_start': {'type': 'integer',
                                                                        'minimum': 0,
                                                                        'maximum': 10},
                                                     'max_trim_end': {'type': 'integer',
                                                                      'minimum': 0,
                                                                      'maximum': 10},
                                                     'z_thresh': {'type': 'number',
                                                                  'minimum': 1.0,
                                                                  'maximum': 5.0}},
                                      'additionalProperties': False},
                    'confounds': {'type': 'object',
                                  'required': ['fd_method', 'dvars_method'],
                                  'properties': {'fd_method': {'type': 'string',
                                                               'enum': ['power_fd']},
                                                 'dvars_method': {'type': 'string',
                                                                  'enum': ['std_dvars']}},
                                  'additionalProperties': False},
                    'censor': {'type': 'object',
                               'required': ['enable',
                                            'fd_thresh_mm',
                                            'dvars_thresh',
                                            'min_contig_vols',
                                            'pad_vols'],
                               'properties': {'enable': {'type': 'boolean'},
                                              'fd_thresh_mm': {'type': 'number',
                                                               'minimum': 0.1,
                                                               'maximum': 2.0},
                                              'dvars_thresh': {'type': 'number',
                                                               'minimum': 0.5,
                                                               'maximum': 5.0},
                                              'min_contig_vols': {'type': 'integer',
                                                                  'minimum': 3,
                                                                  'maximum': 50},
                                              'pad_vols': {'type': 'integer',
                                                           'minimum': 0,
                                                           'maximum': 3}},
                               'additionalProperties': False},
                    'first_level': {'type': 'object',
                                    'required': ['engine', 'feat_variant'],
                                    'properties': {'engine': {'type': 'string',
                                                              'enum': ['feat',
                                                                       'pyglm']},
                                                   'feat_variant': {'type': 'string'}},
                                    'additionalProperties': False},
                    'cleanup': {'type': 'object',
                                'required': ['keep_only_latest_stage'],
                                'properties': {'keep_only_latest_stage': {'type': 'boolean'}},
                                'additionalProperties': False}},
     'additionalProperties': False}

On instance['options']:
    {'ingest': {'enable': False},
     'denoise_mppca': True,
     'motion': {'engine': 'sct+rigid3d',
                'slice_axis': 'IS',
                'concat': {'mode': 'session+task',
                           'require_same': ['pe_dir',
                                            'slice_axis',
                                            'tr',
                                            'voxel_size']}},
     'smoothing': {'enable': False, 'fwhm_mm': 2.0},
     'sdc': {'enable': True, 'mode': 'auto'},
     'temporal_crop': {'enable': True,
                       'method': 'cord_mean_robust_z',
                       'max_trim_start': 10,
                       'max_trim_end': 10,
                       'z_thresh': 2.5},
     'first_level': {'engine': 'feat', 'feat_variant': 'block_15s_conv3'},
     'cleanup': {'keep_only_latest_stage': False}}
  File "/mnt/ssd1/SpinePrep/workflow/Snakefile", line 25, in <module>
  File "/mnt/ssd1/SpinePrep/workflow/Snakefile", line 22, in _load
  File "/mnt/ssd1/SpinePrep/spineprep/config.py", line 81, in load_config
  File "/mnt/ssd1/SpinePrep/.venv/lib/python3.12/site-packages/jsonschema/validators.py", line 1332, in validate
