Assuming unrestricted shared filesystem usage.
host: kiomars
Building DAG of jobs...
Using shell: /usr/local/fsl/bin/bash
Provided cores: 8
Rules claiming more threads will be scaled down.
Job stats:
job                count
---------------  -------
all                    1
discover               1
mppca_smoke            1
validate_config        1
total                  4

Select jobs to execute...
Execute 1 jobs...
[Tue Oct  7 15:22:29 2025]
localrule validate_config:
    output: /mnt/ssd1/MyFirstStudy/derivatives/spineprep/logs/validate.ok
    jobid: 1
    reason: Missing output files: /mnt/ssd1/MyFirstStudy/derivatives/spineprep/logs/validate.ok
    resources: tmpdir=/tmp
Shell command: None
[Tue Oct  7 15:22:30 2025]
Finished jobid: 1 (Rule: validate_config)
1 of 4 steps (25%) done
Select jobs to execute...
Execute 1 jobs...
[Tue Oct  7 15:22:30 2025]
localrule discover:
    input: /mnt/ssd1/MyFirstStudy/derivatives/spineprep/logs/validate.ok
    output: /mnt/ssd1/MyFirstStudy/derivatives/spineprep/logs/discover.json
    jobid: 2
    reason: Missing output files: /mnt/ssd1/MyFirstStudy/derivatives/spineprep/logs/discover.json; Input files updated by another job: /mnt/ssd1/MyFirstStudy/derivatives/spineprep/logs/validate.ok
    resources: tmpdir=/tmp
Shell command: None
[Tue Oct  7 15:22:31 2025]
Finished jobid: 2 (Rule: discover)
2 of 4 steps (50%) done
Select jobs to execute...
Execute 1 jobs...
[Tue Oct  7 15:22:31 2025]
localrule mppca_smoke:
    input: /mnt/ssd1/MyFirstStudy/derivatives/spineprep/logs/discover.json
    output: /mnt/ssd1/MyFirstStudy/derivatives/spineprep/logs/mppca_smoke.ok
    jobid: 3
    reason: Missing output files: /mnt/ssd1/MyFirstStudy/derivatives/spineprep/logs/mppca_smoke.ok; Input files updated by another job: /mnt/ssd1/MyFirstStudy/derivatives/spineprep/logs/discover.json
    resources: tmpdir=/tmp
Shell command: None
[Tue Oct  7 15:22:32 2025]
Finished jobid: 3 (Rule: mppca_smoke)
3 of 4 steps (75%) done
Select jobs to execute...
Execute 1 jobs...
[Tue Oct  7 15:22:32 2025]
localrule all:
    input: /mnt/ssd1/MyFirstStudy/derivatives/spineprep/logs/validate.ok, /mnt/ssd1/MyFirstStudy/derivatives/spineprep/logs/discover.json, /mnt/ssd1/MyFirstStudy/derivatives/spineprep/logs/mppca_smoke.ok
    jobid: 0
    reason: Input files updated by another job: /mnt/ssd1/MyFirstStudy/derivatives/spineprep/logs/discover.json, /mnt/ssd1/MyFirstStudy/derivatives/spineprep/logs/validate.ok, /mnt/ssd1/MyFirstStudy/derivatives/spineprep/logs/mppca_smoke.ok
    resources: tmpdir=/tmp
Shell command: None
[Tue Oct  7 15:22:32 2025]
Finished jobid: 0 (Rule: all)
4 of 4 steps (100%) done
Complete log(s): /mnt/ssd1/SpinePrep/.snakemake/log/2025-10-07T152229.094437.snakemake.log
