Assuming unrestricted shared filesystem usage.
host: kiomars
Building DAG of jobs...
Using shell: /usr/local/fsl/bin/bash
Provided cores: 8
Rules claiming more threads will be scaled down.
Job stats:
job               count
--------------  -------
manifest_deriv        1
samples               1
total                 2

Select jobs to execute...
Execute 1 jobs...
[Tue Oct  7 18:21:33 2025]
localrule samples:
    input: /mnt/ssd1/MyFirstStudy/derivatives/spineprep/logs/discover.json
    output: /mnt/ssd1/MyFirstStudy/derivatives/spineprep/logs/samples.tsv
    jobid: 1
    reason: Missing output files: /mnt/ssd1/MyFirstStudy/derivatives/spineprep/logs/samples.tsv
    resources: tmpdir=/tmp
Shell command: None
[Tue Oct  7 18:21:35 2025]
Finished jobid: 1 (Rule: samples)
1 of 2 steps (50%) done
Select jobs to execute...
Execute 1 jobs...
[Tue Oct  7 18:21:35 2025]
localrule manifest_deriv:
    input: /mnt/ssd1/MyFirstStudy/derivatives/spineprep/logs/samples.tsv
    output: /mnt/ssd1/MyFirstStudy/derivatives/spineprep/logs/manifest_deriv.tsv
    jobid: 0
    reason: Input files updated by another job: /mnt/ssd1/MyFirstStudy/derivatives/spineprep/logs/samples.tsv
    resources: tmpdir=/tmp
Shell command: None
[Tue Oct  7 18:21:36 2025]
Finished jobid: 0 (Rule: manifest_deriv)
2 of 2 steps (100%) done
Complete log(s): /mnt/ssd1/SpinePrep/.snakemake/log/2025-10-07T182133.818654.snakemake.log
